<?xml version="1.0" encoding="UTF-8"?>
<testng-results skipped="0" failed="0" total="1" passed="1">
  <reporter-output>
  </reporter-output>
  <suite name="Suite" duration-ms="13360" started-at="2019-11-01T09:59:29Z" finished-at="2019-11-01T09:59:42Z">
    <groups>
    </groups>
    <test name="Test" duration-ms="13360" started-at="2019-11-01T09:59:29Z" finished-at="2019-11-01T09:59:42Z">
      <class name="pageTest.UPageTest">
        <test-method status="PASS" signature="inIt()[pri:0, instance:pageTest.UPageTest@3e6fa38a]" name="inIt" is-config="true" duration-ms="11150" started-at="2019-11-01T15:29:29Z" finished-at="2019-11-01T15:29:40Z">
          <reporter-output>
          </reporter-output>
        </test-method> <!-- inIt -->
        <test-method status="PASS" signature="test()[pri:0, instance:pageTest.UPageTest@3e6fa38a]" name="test" duration-ms="2198" started-at="2019-11-01T15:29:40Z" finished-at="2019-11-01T15:29:42Z">
          <reporter-output>
          </reporter-output>
        </test-method> <!-- test -->
      </class> <!-- pageTest.UPageTest -->
    </test> <!-- Test -->
  </suite> <!-- Suite -->
</testng-results>
